sascas01 | SUCCESS => {
    "ansible_facts": {
        "discovered_interpreter_python": "/usr/bin/python"
    }, 
    "changed": false, 
    "enabled": false, 
    "name": "sas-viya-all-services.service", 
    "status": {
        "ActiveEnterTimestampMonotonic": "0", 
        "ActiveExitTimestampMonotonic": "0", 
        "ActiveState": "inactive", 
        "After": "systemd-journald.socket basic.target system.slice network.target", 
        "AllowIsolate": "no", 
        "AmbientCapabilities": "0", 
        "AssertResult": "no", 
        "AssertTimestampMonotonic": "0", 
        "Before": "shutdown.target", 
        "BlockIOAccounting": "no", 
        "BlockIOWeight": "18446744073709551615", 
        "CPUAccounting": "no", 
        "CPUQuotaPerSecUSec": "infinity", 
        "CPUSchedulingPolicy": "0", 
        "CPUSchedulingPriority": "0", 
        "CPUSchedulingResetOnFork": "no", 
        "CPUShares": "18446744073709551615", 
        "CanIsolate": "no", 
        "CanReload": "no", 
        "CanStart": "yes", 
        "CanStop": "yes", 
        "CapabilityBoundingSet": "18446744073709551615", 
        "ConditionResult": "no", 
        "ConditionTimestampMonotonic": "0", 
        "Conflicts": "shutdown.target", 
        "ControlPID": "0", 
        "DefaultDependencies": "yes", 
        "Delegate": "no", 
        "Description": "start and stop all SAS services", 
        "DevicePolicy": "auto", 
        "ExecMainCode": "0", 
        "ExecMainExitTimestampMonotonic": "0", 
        "ExecMainPID": "0", 
        "ExecMainStartTimestampMonotonic": "0", 
        "ExecMainStatus": "0", 
        "ExecStart": "{ path=/etc/init.d/sas-viya-all-services ; argv[]=/etc/init.d/sas-viya-all-services start ; ignore_errors=no ; start_time=[n/a] ; stop_time=[n/a] ; pid=0 ; code=(null) ; status=0/0 }", 
        "ExecStop": "{ path=/etc/init.d/sas-viya-all-services ; argv[]=/etc/init.d/sas-viya-all-services stop ; ignore_errors=no ; start_time=[n/a] ; stop_time=[n/a] ; pid=0 ; code=(null) ; status=0/0 }", 
        "FailureAction": "none", 
        "FileDescriptorStoreMax": "0", 
        "FragmentPath": "/usr/lib/systemd/system/sas-viya-all-services.service", 
        "GuessMainPID": "yes", 
        "IOScheduling": "0", 
        "Id": "sas-viya-all-services.service", 
        "IgnoreOnIsolate": "no", 
        "IgnoreOnSnapshot": "no", 
        "IgnoreSIGPIPE": "yes", 
        "InactiveEnterTimestampMonotonic": "0", 
        "InactiveExitTimestampMonotonic": "0", 
        "JobTimeoutAction": "none", 
        "JobTimeoutUSec": "0", 
        "KillMode": "control-group", 
        "KillSignal": "15", 
        "LimitAS": "18446744073709551615", 
        "LimitCORE": "18446744073709551615", 
        "LimitCPU": "18446744073709551615", 
        "LimitDATA": "18446744073709551615", 
        "LimitFSIZE": "18446744073709551615", 
        "LimitLOCKS": "18446744073709551615", 
        "LimitMEMLOCK": "65536", 
        "LimitMSGQUEUE": "819200", 
        "LimitNICE": "0", 
        "LimitNOFILE": "4096", 
        "LimitNPROC": "60429", 
        "LimitRSS": "18446744073709551615", 
        "LimitRTPRIO": "0", 
        "LimitRTTIME": "18446744073709551615", 
        "LimitSIGPENDING": "60429", 
        "LimitSTACK": "18446744073709551615", 
        "LoadState": "loaded", 
        "MainPID": "0", 
        "MemoryAccounting": "no", 
        "MemoryCurrent": "18446744073709551615", 
        "MemoryLimit": "18446744073709551615", 
        "MountFlags": "0", 
        "Names": "sas-viya-all-services.service", 
        "NeedDaemonReload": "no", 
        "Nice": "0", 
        "NoNewPrivileges": "no", 
        "NonBlocking": "no", 
        "NotifyAccess": "none", 
        "OOMScoreAdjust": "0", 
        "OnFailureJobMode": "replace", 
        "PermissionsStartOnly": "no", 
        "PrivateDevices": "no", 
        "PrivateNetwork": "no", 
        "PrivateTmp": "no", 
        "ProtectHome": "no", 
        "ProtectSystem": "no", 
        "RefuseManualStart": "no", 
        "RefuseManualStop": "no", 
        "RemainAfterExit": "yes", 
        "Requires": "system.slice basic.target", 
        "Restart": "no", 
        "RestartUSec": "100ms", 
        "Result": "success", 
        "RootDirectoryStartOnly": "no", 
        "RuntimeDirectoryMode": "0755", 
        "SameProcessGroup": "no", 
        "SecureBits": "0", 
        "SendSIGHUP": "no", 
        "SendSIGKILL": "yes", 
        "Slice": "system.slice", 
        "StandardError": "inherit", 
        "StandardInput": "null", 
        "StandardOutput": "journal", 
        "StartLimitAction": "none", 
        "StartLimitBurst": "5", 
        "StartLimitInterval": "10000000", 
        "StartupBlockIOWeight": "18446744073709551615", 
        "StartupCPUShares": "18446744073709551615", 
        "StatusErrno": "0", 
        "StopWhenUnneeded": "no", 
        "SubState": "dead", 
        "SyslogLevelPrefix": "yes", 
        "SyslogPriority": "30", 
        "SystemCallErrorNumber": "0", 
        "TTYReset": "no", 
        "TTYVHangup": "no", 
        "TTYVTDisallocate": "no", 
        "TasksAccounting": "no", 
        "TasksCurrent": "18446744073709551615", 
        "TasksMax": "18446744073709551615", 
        "TimeoutStartUSec": "40min", 
        "TimeoutStopUSec": "40min", 
        "TimerSlackNSec": "50000", 
        "Transient": "no", 
        "Type": "oneshot", 
        "UMask": "0022", 
        "UnitFilePreset": "disabled", 
        "UnitFileState": "disabled", 
        "WatchdogTimestampMonotonic": "0", 
        "WatchdogUSec": "0"
    }
}
sasviya03 | SUCCESS => {
    "ansible_facts": {
        "discovered_interpreter_python": "/usr/bin/python"
    }, 
    "changed": false, 
    "enabled": false, 
    "name": "sas-viya-all-services.service", 
    "status": {
        "ActiveEnterTimestampMonotonic": "0", 
        "ActiveExitTimestampMonotonic": "0", 
        "ActiveState": "inactive", 
        "After": "systemd-journald.socket system.slice basic.target network.target", 
        "AllowIsolate": "no", 
        "AmbientCapabilities": "0", 
        "AssertResult": "no", 
        "AssertTimestampMonotonic": "0", 
        "Before": "shutdown.target", 
        "BlockIOAccounting": "no", 
        "BlockIOWeight": "18446744073709551615", 
        "CPUAccounting": "no", 
        "CPUQuotaPerSecUSec": "infinity", 
        "CPUSchedulingPolicy": "0", 
        "CPUSchedulingPriority": "0", 
        "CPUSchedulingResetOnFork": "no", 
        "CPUShares": "18446744073709551615", 
        "CanIsolate": "no", 
        "CanReload": "no", 
        "CanStart": "yes", 
        "CanStop": "yes", 
        "CapabilityBoundingSet": "18446744073709551615", 
        "ConditionResult": "no", 
        "ConditionTimestampMonotonic": "0", 
        "Conflicts": "shutdown.target", 
        "ControlPID": "0", 
        "DefaultDependencies": "yes", 
        "Delegate": "no", 
        "Description": "start and stop all SAS services", 
        "DevicePolicy": "auto", 
        "ExecMainCode": "0", 
        "ExecMainExitTimestampMonotonic": "0", 
        "ExecMainPID": "0", 
        "ExecMainStartTimestampMonotonic": "0", 
        "ExecMainStatus": "0", 
        "ExecStart": "{ path=/etc/init.d/sas-viya-all-services ; argv[]=/etc/init.d/sas-viya-all-services start ; ignore_errors=no ; start_time=[n/a] ; stop_time=[n/a] ; pid=0 ; code=(null) ; status=0/0 }", 
        "ExecStop": "{ path=/etc/init.d/sas-viya-all-services ; argv[]=/etc/init.d/sas-viya-all-services stop ; ignore_errors=no ; start_time=[n/a] ; stop_time=[n/a] ; pid=0 ; code=(null) ; status=0/0 }", 
        "FailureAction": "none", 
        "FileDescriptorStoreMax": "0", 
        "FragmentPath": "/usr/lib/systemd/system/sas-viya-all-services.service", 
        "GuessMainPID": "yes", 
        "IOScheduling": "0", 
        "Id": "sas-viya-all-services.service", 
        "IgnoreOnIsolate": "no", 
        "IgnoreOnSnapshot": "no", 
        "IgnoreSIGPIPE": "yes", 
        "InactiveEnterTimestampMonotonic": "0", 
        "InactiveExitTimestampMonotonic": "0", 
        "JobTimeoutAction": "none", 
        "JobTimeoutUSec": "0", 
        "KillMode": "control-group", 
        "KillSignal": "15", 
        "LimitAS": "18446744073709551615", 
        "LimitCORE": "18446744073709551615", 
        "LimitCPU": "18446744073709551615", 
        "LimitDATA": "18446744073709551615", 
        "LimitFSIZE": "18446744073709551615", 
        "LimitLOCKS": "18446744073709551615", 
        "LimitMEMLOCK": "65536", 
        "LimitMSGQUEUE": "819200", 
        "LimitNICE": "0", 
        "LimitNOFILE": "4096", 
        "LimitNPROC": "244881", 
        "LimitRSS": "18446744073709551615", 
        "LimitRTPRIO": "0", 
        "LimitRTTIME": "18446744073709551615", 
        "LimitSIGPENDING": "244881", 
        "LimitSTACK": "18446744073709551615", 
        "LoadState": "loaded", 
        "MainPID": "0", 
        "MemoryAccounting": "no", 
        "MemoryCurrent": "18446744073709551615", 
        "MemoryLimit": "18446744073709551615", 
        "MountFlags": "0", 
        "Names": "sas-viya-all-services.service", 
        "NeedDaemonReload": "no", 
        "Nice": "0", 
        "NoNewPrivileges": "no", 
        "NonBlocking": "no", 
        "NotifyAccess": "none", 
        "OOMScoreAdjust": "0", 
        "OnFailureJobMode": "replace", 
        "PermissionsStartOnly": "no", 
        "PrivateDevices": "no", 
        "PrivateNetwork": "no", 
        "PrivateTmp": "no", 
        "ProtectHome": "no", 
        "ProtectSystem": "no", 
        "RefuseManualStart": "no", 
        "RefuseManualStop": "no", 
        "RemainAfterExit": "yes", 
        "Requires": "system.slice basic.target", 
        "Restart": "no", 
        "RestartUSec": "100ms", 
        "Result": "success", 
        "RootDirectoryStartOnly": "no", 
        "RuntimeDirectoryMode": "0755", 
        "SameProcessGroup": "no", 
        "SecureBits": "0", 
        "SendSIGHUP": "no", 
        "SendSIGKILL": "yes", 
        "Slice": "system.slice", 
        "StandardError": "inherit", 
        "StandardInput": "null", 
        "StandardOutput": "journal", 
        "StartLimitAction": "none", 
        "StartLimitBurst": "5", 
        "StartLimitInterval": "10000000", 
        "StartupBlockIOWeight": "18446744073709551615", 
        "StartupCPUShares": "18446744073709551615", 
        "StatusErrno": "0", 
        "StopWhenUnneeded": "no", 
        "SubState": "dead", 
        "SyslogLevelPrefix": "yes", 
        "SyslogPriority": "30", 
        "SystemCallErrorNumber": "0", 
        "TTYReset": "no", 
        "TTYVHangup": "no", 
        "TTYVTDisallocate": "no", 
        "TasksAccounting": "no", 
        "TasksCurrent": "18446744073709551615", 
        "TasksMax": "18446744073709551615", 
        "TimeoutStartUSec": "40min", 
        "TimeoutStopUSec": "40min", 
        "TimerSlackNSec": "50000", 
        "Transient": "no", 
        "Type": "oneshot", 
        "UMask": "0022", 
        "UnitFilePreset": "disabled", 
        "UnitFileState": "disabled", 
        "WatchdogTimestampMonotonic": "0", 
        "WatchdogUSec": "0"
    }
}
sasviya02 | SUCCESS => {
    "ansible_facts": {
        "discovered_interpreter_python": "/usr/bin/python"
    }, 
    "changed": false, 
    "enabled": false, 
    "name": "sas-viya-all-services.service", 
    "status": {
        "ActiveEnterTimestampMonotonic": "0", 
        "ActiveExitTimestampMonotonic": "0", 
        "ActiveState": "inactive", 
        "After": "network.target system.slice basic.target systemd-journald.socket", 
        "AllowIsolate": "no", 
        "AmbientCapabilities": "0", 
        "AssertResult": "no", 
        "AssertTimestampMonotonic": "0", 
        "Before": "shutdown.target", 
        "BlockIOAccounting": "no", 
        "BlockIOWeight": "18446744073709551615", 
        "CPUAccounting": "no", 
        "CPUQuotaPerSecUSec": "infinity", 
        "CPUSchedulingPolicy": "0", 
        "CPUSchedulingPriority": "0", 
        "CPUSchedulingResetOnFork": "no", 
        "CPUShares": "18446744073709551615", 
        "CanIsolate": "no", 
        "CanReload": "no", 
        "CanStart": "yes", 
        "CanStop": "yes", 
        "CapabilityBoundingSet": "18446744073709551615", 
        "ConditionResult": "no", 
        "ConditionTimestampMonotonic": "0", 
        "Conflicts": "shutdown.target", 
        "ControlPID": "0", 
        "DefaultDependencies": "yes", 
        "Delegate": "no", 
        "Description": "start and stop all SAS services", 
        "DevicePolicy": "auto", 
        "ExecMainCode": "0", 
        "ExecMainExitTimestampMonotonic": "0", 
        "ExecMainPID": "0", 
        "ExecMainStartTimestampMonotonic": "0", 
        "ExecMainStatus": "0", 
        "ExecStart": "{ path=/etc/init.d/sas-viya-all-services ; argv[]=/etc/init.d/sas-viya-all-services start ; ignore_errors=no ; start_time=[n/a] ; stop_time=[n/a] ; pid=0 ; code=(null) ; status=0/0 }", 
        "ExecStop": "{ path=/etc/init.d/sas-viya-all-services ; argv[]=/etc/init.d/sas-viya-all-services stop ; ignore_errors=no ; start_time=[n/a] ; stop_time=[n/a] ; pid=0 ; code=(null) ; status=0/0 }", 
        "FailureAction": "none", 
        "FileDescriptorStoreMax": "0", 
        "FragmentPath": "/usr/lib/systemd/system/sas-viya-all-services.service", 
        "GuessMainPID": "yes", 
        "IOScheduling": "0", 
        "Id": "sas-viya-all-services.service", 
        "IgnoreOnIsolate": "no", 
        "IgnoreOnSnapshot": "no", 
        "IgnoreSIGPIPE": "yes", 
        "InactiveEnterTimestampMonotonic": "0", 
        "InactiveExitTimestampMonotonic": "0", 
        "JobTimeoutAction": "none", 
        "JobTimeoutUSec": "0", 
        "KillMode": "control-group", 
        "KillSignal": "15", 
        "LimitAS": "18446744073709551615", 
        "LimitCORE": "18446744073709551615", 
        "LimitCPU": "18446744073709551615", 
        "LimitDATA": "18446744073709551615", 
        "LimitFSIZE": "18446744073709551615", 
        "LimitLOCKS": "18446744073709551615", 
        "LimitMEMLOCK": "65536", 
        "LimitMSGQUEUE": "819200", 
        "LimitNICE": "0", 
        "LimitNOFILE": "4096", 
        "LimitNPROC": "244881", 
        "LimitRSS": "18446744073709551615", 
        "LimitRTPRIO": "0", 
        "LimitRTTIME": "18446744073709551615", 
        "LimitSIGPENDING": "244881", 
        "LimitSTACK": "18446744073709551615", 
        "LoadState": "loaded", 
        "MainPID": "0", 
        "MemoryAccounting": "no", 
        "MemoryCurrent": "18446744073709551615", 
        "MemoryLimit": "18446744073709551615", 
        "MountFlags": "0", 
        "Names": "sas-viya-all-services.service", 
        "NeedDaemonReload": "no", 
        "Nice": "0", 
        "NoNewPrivileges": "no", 
        "NonBlocking": "no", 
        "NotifyAccess": "none", 
        "OOMScoreAdjust": "0", 
        "OnFailureJobMode": "replace", 
        "PermissionsStartOnly": "no", 
        "PrivateDevices": "no", 
        "PrivateNetwork": "no", 
        "PrivateTmp": "no", 
        "ProtectHome": "no", 
        "ProtectSystem": "no", 
        "RefuseManualStart": "no", 
        "RefuseManualStop": "no", 
        "RemainAfterExit": "yes", 
        "Requires": "system.slice basic.target", 
        "Restart": "no", 
        "RestartUSec": "100ms", 
        "Result": "success", 
        "RootDirectoryStartOnly": "no", 
        "RuntimeDirectoryMode": "0755", 
        "SameProcessGroup": "no", 
        "SecureBits": "0", 
        "SendSIGHUP": "no", 
        "SendSIGKILL": "yes", 
        "Slice": "system.slice", 
        "StandardError": "inherit", 
        "StandardInput": "null", 
        "StandardOutput": "journal", 
        "StartLimitAction": "none", 
        "StartLimitBurst": "5", 
        "StartLimitInterval": "10000000", 
        "StartupBlockIOWeight": "18446744073709551615", 
        "StartupCPUShares": "18446744073709551615", 
        "StatusErrno": "0", 
        "StopWhenUnneeded": "no", 
        "SubState": "dead", 
        "SyslogLevelPrefix": "yes", 
        "SyslogPriority": "30", 
        "SystemCallErrorNumber": "0", 
        "TTYReset": "no", 
        "TTYVHangup": "no", 
        "TTYVTDisallocate": "no", 
        "TasksAccounting": "no", 
        "TasksCurrent": "18446744073709551615", 
        "TasksMax": "18446744073709551615", 
        "TimeoutStartUSec": "40min", 
        "TimeoutStopUSec": "40min", 
        "TimerSlackNSec": "50000", 
        "Transient": "no", 
        "Type": "oneshot", 
        "UMask": "0022", 
        "UnitFilePreset": "disabled", 
        "UnitFileState": "disabled", 
        "WatchdogTimestampMonotonic": "0", 
        "WatchdogUSec": "0"
    }
}
sascas02 | SUCCESS => {
    "ansible_facts": {
        "discovered_interpreter_python": "/usr/bin/python"
    }, 
    "changed": false, 
    "enabled": false, 
    "name": "sas-viya-all-services.service", 
    "status": {
        "ActiveEnterTimestampMonotonic": "0", 
        "ActiveExitTimestampMonotonic": "0", 
        "ActiveState": "inactive", 
        "After": "system.slice systemd-journald.socket basic.target network.target", 
        "AllowIsolate": "no", 
        "AmbientCapabilities": "0", 
        "AssertResult": "no", 
        "AssertTimestampMonotonic": "0", 
        "Before": "shutdown.target", 
        "BlockIOAccounting": "no", 
        "BlockIOWeight": "18446744073709551615", 
        "CPUAccounting": "no", 
        "CPUQuotaPerSecUSec": "infinity", 
        "CPUSchedulingPolicy": "0", 
        "CPUSchedulingPriority": "0", 
        "CPUSchedulingResetOnFork": "no", 
        "CPUShares": "18446744073709551615", 
        "CanIsolate": "no", 
        "CanReload": "no", 
        "CanStart": "yes", 
        "CanStop": "yes", 
        "CapabilityBoundingSet": "18446744073709551615", 
        "ConditionResult": "no", 
        "ConditionTimestampMonotonic": "0", 
        "Conflicts": "shutdown.target", 
        "ControlPID": "0", 
        "DefaultDependencies": "yes", 
        "Delegate": "no", 
        "Description": "start and stop all SAS services", 
        "DevicePolicy": "auto", 
        "ExecMainCode": "0", 
        "ExecMainExitTimestampMonotonic": "0", 
        "ExecMainPID": "0", 
        "ExecMainStartTimestampMonotonic": "0", 
        "ExecMainStatus": "0", 
        "ExecStart": "{ path=/etc/init.d/sas-viya-all-services ; argv[]=/etc/init.d/sas-viya-all-services start ; ignore_errors=no ; start_time=[n/a] ; stop_time=[n/a] ; pid=0 ; code=(null) ; status=0/0 }", 
        "ExecStop": "{ path=/etc/init.d/sas-viya-all-services ; argv[]=/etc/init.d/sas-viya-all-services stop ; ignore_errors=no ; start_time=[n/a] ; stop_time=[n/a] ; pid=0 ; code=(null) ; status=0/0 }", 
        "FailureAction": "none", 
        "FileDescriptorStoreMax": "0", 
        "FragmentPath": "/usr/lib/systemd/system/sas-viya-all-services.service", 
        "GuessMainPID": "yes", 
        "IOScheduling": "0", 
        "Id": "sas-viya-all-services.service", 
        "IgnoreOnIsolate": "no", 
        "IgnoreOnSnapshot": "no", 
        "IgnoreSIGPIPE": "yes", 
        "InactiveEnterTimestampMonotonic": "0", 
        "InactiveExitTimestampMonotonic": "0", 
        "JobTimeoutAction": "none", 
        "JobTimeoutUSec": "0", 
        "KillMode": "control-group", 
        "KillSignal": "15", 
        "LimitAS": "18446744073709551615", 
        "LimitCORE": "18446744073709551615", 
        "LimitCPU": "18446744073709551615", 
        "LimitDATA": "18446744073709551615", 
        "LimitFSIZE": "18446744073709551615", 
        "LimitLOCKS": "18446744073709551615", 
        "LimitMEMLOCK": "65536", 
        "LimitMSGQUEUE": "819200", 
        "LimitNICE": "0", 
        "LimitNOFILE": "4096", 
        "LimitNPROC": "60429", 
        "LimitRSS": "18446744073709551615", 
        "LimitRTPRIO": "0", 
        "LimitRTTIME": "18446744073709551615", 
        "LimitSIGPENDING": "60429", 
        "LimitSTACK": "18446744073709551615", 
        "LoadState": "loaded", 
        "MainPID": "0", 
        "MemoryAccounting": "no", 
        "MemoryCurrent": "18446744073709551615", 
        "MemoryLimit": "18446744073709551615", 
        "MountFlags": "0", 
        "Names": "sas-viya-all-services.service", 
        "NeedDaemonReload": "no", 
        "Nice": "0", 
        "NoNewPrivileges": "no", 
        "NonBlocking": "no", 
        "NotifyAccess": "none", 
        "OOMScoreAdjust": "0", 
        "OnFailureJobMode": "replace", 
        "PermissionsStartOnly": "no", 
        "PrivateDevices": "no", 
        "PrivateNetwork": "no", 
        "PrivateTmp": "no", 
        "ProtectHome": "no", 
        "ProtectSystem": "no", 
        "RefuseManualStart": "no", 
        "RefuseManualStop": "no", 
        "RemainAfterExit": "yes", 
        "Requires": "system.slice basic.target", 
        "Restart": "no", 
        "RestartUSec": "100ms", 
        "Result": "success", 
        "RootDirectoryStartOnly": "no", 
        "RuntimeDirectoryMode": "0755", 
        "SameProcessGroup": "no", 
        "SecureBits": "0", 
        "SendSIGHUP": "no", 
        "SendSIGKILL": "yes", 
        "Slice": "system.slice", 
        "StandardError": "inherit", 
        "StandardInput": "null", 
        "StandardOutput": "journal", 
        "StartLimitAction": "none", 
        "StartLimitBurst": "5", 
        "StartLimitInterval": "10000000", 
        "StartupBlockIOWeight": "18446744073709551615", 
        "StartupCPUShares": "18446744073709551615", 
        "StatusErrno": "0", 
        "StopWhenUnneeded": "no", 
        "SubState": "dead", 
        "SyslogLevelPrefix": "yes", 
        "SyslogPriority": "30", 
        "SystemCallErrorNumber": "0", 
        "TTYReset": "no", 
        "TTYVHangup": "no", 
        "TTYVTDisallocate": "no", 
        "TasksAccounting": "no", 
        "TasksCurrent": "18446744073709551615", 
        "TasksMax": "18446744073709551615", 
        "TimeoutStartUSec": "40min", 
        "TimeoutStopUSec": "40min", 
        "TimerSlackNSec": "50000", 
        "Transient": "no", 
        "Type": "oneshot", 
        "UMask": "0022", 
        "UnitFilePreset": "disabled", 
        "UnitFileState": "disabled", 
        "WatchdogTimestampMonotonic": "0", 
        "WatchdogUSec": "0"
    }
}
sasviya01 | SUCCESS => {
    "ansible_facts": {
        "discovered_interpreter_python": "/usr/bin/python"
    }, 
    "changed": false, 
    "enabled": false, 
    "name": "sas-viya-all-services.service", 
    "status": {
        "ActiveEnterTimestampMonotonic": "0", 
        "ActiveExitTimestampMonotonic": "0", 
        "ActiveState": "inactive", 
        "After": "basic.target system.slice systemd-journald.socket network.target", 
        "AllowIsolate": "no", 
        "AmbientCapabilities": "0", 
        "AssertResult": "no", 
        "AssertTimestampMonotonic": "0", 
        "Before": "shutdown.target", 
        "BlockIOAccounting": "no", 
        "BlockIOWeight": "18446744073709551615", 
        "CPUAccounting": "no", 
        "CPUQuotaPerSecUSec": "infinity", 
        "CPUSchedulingPolicy": "0", 
        "CPUSchedulingPriority": "0", 
        "CPUSchedulingResetOnFork": "no", 
        "CPUShares": "18446744073709551615", 
        "CanIsolate": "no", 
        "CanReload": "no", 
        "CanStart": "yes", 
        "CanStop": "yes", 
        "CapabilityBoundingSet": "18446744073709551615", 
        "ConditionResult": "no", 
        "ConditionTimestampMonotonic": "0", 
        "Conflicts": "shutdown.target", 
        "ControlPID": "0", 
        "DefaultDependencies": "yes", 
        "Delegate": "no", 
        "Description": "start and stop all SAS services", 
        "DevicePolicy": "auto", 
        "ExecMainCode": "0", 
        "ExecMainExitTimestampMonotonic": "0", 
        "ExecMainPID": "0", 
        "ExecMainStartTimestampMonotonic": "0", 
        "ExecMainStatus": "0", 
        "ExecStart": "{ path=/etc/init.d/sas-viya-all-services ; argv[]=/etc/init.d/sas-viya-all-services start ; ignore_errors=no ; start_time=[n/a] ; stop_time=[n/a] ; pid=0 ; code=(null) ; status=0/0 }", 
        "ExecStop": "{ path=/etc/init.d/sas-viya-all-services ; argv[]=/etc/init.d/sas-viya-all-services stop ; ignore_errors=no ; start_time=[n/a] ; stop_time=[n/a] ; pid=0 ; code=(null) ; status=0/0 }", 
        "FailureAction": "none", 
        "FileDescriptorStoreMax": "0", 
        "FragmentPath": "/usr/lib/systemd/system/sas-viya-all-services.service", 
        "GuessMainPID": "yes", 
        "IOScheduling": "0", 
        "Id": "sas-viya-all-services.service", 
        "IgnoreOnIsolate": "no", 
        "IgnoreOnSnapshot": "no", 
        "IgnoreSIGPIPE": "yes", 
        "InactiveEnterTimestampMonotonic": "0", 
        "InactiveExitTimestampMonotonic": "0", 
        "JobTimeoutAction": "none", 
        "JobTimeoutUSec": "0", 
        "KillMode": "control-group", 
        "KillSignal": "15", 
        "LimitAS": "18446744073709551615", 
        "LimitCORE": "18446744073709551615", 
        "LimitCPU": "18446744073709551615", 
        "LimitDATA": "18446744073709551615", 
        "LimitFSIZE": "18446744073709551615", 
        "LimitLOCKS": "18446744073709551615", 
        "LimitMEMLOCK": "65536", 
        "LimitMSGQUEUE": "819200", 
        "LimitNICE": "0", 
        "LimitNOFILE": "4096", 
        "LimitNPROC": "244881", 
        "LimitRSS": "18446744073709551615", 
        "LimitRTPRIO": "0", 
        "LimitRTTIME": "18446744073709551615", 
        "LimitSIGPENDING": "244881", 
        "LimitSTACK": "18446744073709551615", 
        "LoadState": "loaded", 
        "MainPID": "0", 
        "MemoryAccounting": "no", 
        "MemoryCurrent": "18446744073709551615", 
        "MemoryLimit": "18446744073709551615", 
        "MountFlags": "0", 
        "Names": "sas-viya-all-services.service", 
        "NeedDaemonReload": "no", 
        "Nice": "0", 
        "NoNewPrivileges": "no", 
        "NonBlocking": "no", 
        "NotifyAccess": "none", 
        "OOMScoreAdjust": "0", 
        "OnFailureJobMode": "replace", 
        "PermissionsStartOnly": "no", 
        "PrivateDevices": "no", 
        "PrivateNetwork": "no", 
        "PrivateTmp": "no", 
        "ProtectHome": "no", 
        "ProtectSystem": "no", 
        "RefuseManualStart": "no", 
        "RefuseManualStop": "no", 
        "RemainAfterExit": "yes", 
        "Requires": "system.slice basic.target", 
        "Restart": "no", 
        "RestartUSec": "100ms", 
        "Result": "success", 
        "RootDirectoryStartOnly": "no", 
        "RuntimeDirectoryMode": "0755", 
        "SameProcessGroup": "no", 
        "SecureBits": "0", 
        "SendSIGHUP": "no", 
        "SendSIGKILL": "yes", 
        "Slice": "system.slice", 
        "StandardError": "inherit", 
        "StandardInput": "null", 
        "StandardOutput": "journal", 
        "StartLimitAction": "none", 
        "StartLimitBurst": "5", 
        "StartLimitInterval": "10000000", 
        "StartupBlockIOWeight": "18446744073709551615", 
        "StartupCPUShares": "18446744073709551615", 
        "StatusErrno": "0", 
        "StopWhenUnneeded": "no", 
        "SubState": "dead", 
        "SyslogLevelPrefix": "yes", 
        "SyslogPriority": "30", 
        "SystemCallErrorNumber": "0", 
        "TTYReset": "no", 
        "TTYVHangup": "no", 
        "TTYVTDisallocate": "no", 
        "TasksAccounting": "no", 
        "TasksCurrent": "18446744073709551615", 
        "TasksMax": "18446744073709551615", 
        "TimeoutStartUSec": "40min", 
        "TimeoutStopUSec": "40min", 
        "TimerSlackNSec": "50000", 
        "Transient": "no", 
        "Type": "oneshot", 
        "UMask": "0022", 
        "UnitFilePreset": "disabled", 
        "UnitFileState": "disabled", 
        "WatchdogTimestampMonotonic": "0", 
        "WatchdogUSec": "0"
    }
}
sascas03 | SUCCESS => {
    "ansible_facts": {
        "discovered_interpreter_python": "/usr/bin/python"
    }, 
    "changed": false, 
    "enabled": false, 
    "name": "sas-viya-all-services.service", 
    "status": {
        "ActiveEnterTimestampMonotonic": "0", 
        "ActiveExitTimestampMonotonic": "0", 
        "ActiveState": "inactive", 
        "After": "basic.target systemd-journald.socket network.target system.slice", 
        "AllowIsolate": "no", 
        "AmbientCapabilities": "0", 
        "AssertResult": "no", 
        "AssertTimestampMonotonic": "0", 
        "Before": "shutdown.target", 
        "BlockIOAccounting": "no", 
        "BlockIOWeight": "18446744073709551615", 
        "CPUAccounting": "no", 
        "CPUQuotaPerSecUSec": "infinity", 
        "CPUSchedulingPolicy": "0", 
        "CPUSchedulingPriority": "0", 
        "CPUSchedulingResetOnFork": "no", 
        "CPUShares": "18446744073709551615", 
        "CanIsolate": "no", 
        "CanReload": "no", 
        "CanStart": "yes", 
        "CanStop": "yes", 
        "CapabilityBoundingSet": "18446744073709551615", 
        "ConditionResult": "no", 
        "ConditionTimestampMonotonic": "0", 
        "Conflicts": "shutdown.target", 
        "ControlPID": "0", 
        "DefaultDependencies": "yes", 
        "Delegate": "no", 
        "Description": "start and stop all SAS services", 
        "DevicePolicy": "auto", 
        "ExecMainCode": "0", 
        "ExecMainExitTimestampMonotonic": "0", 
        "ExecMainPID": "0", 
        "ExecMainStartTimestampMonotonic": "0", 
        "ExecMainStatus": "0", 
        "ExecStart": "{ path=/etc/init.d/sas-viya-all-services ; argv[]=/etc/init.d/sas-viya-all-services start ; ignore_errors=no ; start_time=[n/a] ; stop_time=[n/a] ; pid=0 ; code=(null) ; status=0/0 }", 
        "ExecStop": "{ path=/etc/init.d/sas-viya-all-services ; argv[]=/etc/init.d/sas-viya-all-services stop ; ignore_errors=no ; start_time=[n/a] ; stop_time=[n/a] ; pid=0 ; code=(null) ; status=0/0 }", 
        "FailureAction": "none", 
        "FileDescriptorStoreMax": "0", 
        "FragmentPath": "/usr/lib/systemd/system/sas-viya-all-services.service", 
        "GuessMainPID": "yes", 
        "IOScheduling": "0", 
        "Id": "sas-viya-all-services.service", 
        "IgnoreOnIsolate": "no", 
        "IgnoreOnSnapshot": "no", 
        "IgnoreSIGPIPE": "yes", 
        "InactiveEnterTimestampMonotonic": "0", 
        "InactiveExitTimestampMonotonic": "0", 
        "JobTimeoutAction": "none", 
        "JobTimeoutUSec": "0", 
        "KillMode": "control-group", 
        "KillSignal": "15", 
        "LimitAS": "18446744073709551615", 
        "LimitCORE": "18446744073709551615", 
        "LimitCPU": "18446744073709551615", 
        "LimitDATA": "18446744073709551615", 
        "LimitFSIZE": "18446744073709551615", 
        "LimitLOCKS": "18446744073709551615", 
        "LimitMEMLOCK": "65536", 
        "LimitMSGQUEUE": "819200", 
        "LimitNICE": "0", 
        "LimitNOFILE": "4096", 
        "LimitNPROC": "60429", 
        "LimitRSS": "18446744073709551615", 
        "LimitRTPRIO": "0", 
        "LimitRTTIME": "18446744073709551615", 
        "LimitSIGPENDING": "60429", 
        "LimitSTACK": "18446744073709551615", 
        "LoadState": "loaded", 
        "MainPID": "0", 
        "MemoryAccounting": "no", 
        "MemoryCurrent": "18446744073709551615", 
        "MemoryLimit": "18446744073709551615", 
        "MountFlags": "0", 
        "Names": "sas-viya-all-services.service", 
        "NeedDaemonReload": "no", 
        "Nice": "0", 
        "NoNewPrivileges": "no", 
        "NonBlocking": "no", 
        "NotifyAccess": "none", 
        "OOMScoreAdjust": "0", 
        "OnFailureJobMode": "replace", 
        "PermissionsStartOnly": "no", 
        "PrivateDevices": "no", 
        "PrivateNetwork": "no", 
        "PrivateTmp": "no", 
        "ProtectHome": "no", 
        "ProtectSystem": "no", 
        "RefuseManualStart": "no", 
        "RefuseManualStop": "no", 
        "RemainAfterExit": "yes", 
        "Requires": "basic.target system.slice", 
        "Restart": "no", 
        "RestartUSec": "100ms", 
        "Result": "success", 
        "RootDirectoryStartOnly": "no", 
        "RuntimeDirectoryMode": "0755", 
        "SameProcessGroup": "no", 
        "SecureBits": "0", 
        "SendSIGHUP": "no", 
        "SendSIGKILL": "yes", 
        "Slice": "system.slice", 
        "StandardError": "inherit", 
        "StandardInput": "null", 
        "StandardOutput": "journal", 
        "StartLimitAction": "none", 
        "StartLimitBurst": "5", 
        "StartLimitInterval": "10000000", 
        "StartupBlockIOWeight": "18446744073709551615", 
        "StartupCPUShares": "18446744073709551615", 
        "StatusErrno": "0", 
        "StopWhenUnneeded": "no", 
        "SubState": "dead", 
        "SyslogLevelPrefix": "yes", 
        "SyslogPriority": "30", 
        "SystemCallErrorNumber": "0", 
        "TTYReset": "no", 
        "TTYVHangup": "no", 
        "TTYVTDisallocate": "no", 
        "TasksAccounting": "no", 
        "TasksCurrent": "18446744073709551615", 
        "TasksMax": "18446744073709551615", 
        "TimeoutStartUSec": "40min", 
        "TimeoutStopUSec": "40min", 
        "TimerSlackNSec": "50000", 
        "Transient": "no", 
        "Type": "oneshot", 
        "UMask": "0022", 
        "UnitFilePreset": "disabled", 
        "UnitFileState": "disabled", 
        "WatchdogTimestampMonotonic": "0", 
        "WatchdogUSec": "0"
    }
}
